<?xml version="1.0" encoding="UTF-8"?>
<!-- Generated by org.testng.reporters.JUnitXMLReporter -->
<testsuite hostname="ONagirna" ignored="0" name="Default test" tests="13" failures="1" timestamp="11 трав. 2017 14:52:35 GMT" time="86.592" errors="0">
  <testcase name="testRedirectFromPopupToCartPage" time="5.581" classname="com.valentine.test.ContinueShoppingFromCart"/>
  <testcase name="testContinueShopping" time="4.279" classname="com.valentine.test.ContinueShoppingFromCart"/>
  <testcase name="addDifferentItemToCart" time="1.256" classname="com.valentine.test.ContinueShoppingFromCart"/>
  <testcase name="testCartPageWithTwoItems" time="5.672" classname="com.valentine.test.ContinueShoppingFromCart"/>
  <testcase name="testNavigationToCart" time="16.705" classname="com.valentine.test.DefaultQuantityOfItemsInCart"/>
  <testcase name="testDefaultQuantityInCart" time="2.072" classname="com.valentine.test.DefaultQuantityOfItemsInCart">
    <failure type="java.lang.AssertionError" message="Incorrect default quantity of items in cart. expected [1] but found [100]">
      <![CDATA[java.lang.AssertionError: Incorrect default quantity of items in cart. expected [1] but found [100]
	at org.testng.Assert.fail(Assert.java:94)
	at org.testng.Assert.failNotEquals(Assert.java:513)
	at org.testng.Assert.assertEqualsImpl(Assert.java:135)
	at org.testng.Assert.assertEquals(Assert.java:116)
	at org.testng.Assert.assertEquals(Assert.java:190)
	at com.valentine.test.DefaultQuantityOfItemsInCart.testDefaultQuantityInCart(DefaultQuantityOfItemsInCart.java:40)
	at sun.reflect.NativeMethodAccessorImpl.invoke0(Native Method)
	at sun.reflect.NativeMethodAccessorImpl.invoke(Unknown Source)
	at sun.reflect.DelegatingMethodAccessorImpl.invoke(Unknown Source)
	at java.lang.reflect.Method.invoke(Unknown Source)
	at org.testng.internal.MethodInvocationHelper.invokeMethod(MethodInvocationHelper.java:104)
	at org.testng.internal.Invoker.invokeMethod(Invoker.java:645)
	at org.testng.internal.Invoker.invokeTestMethod(Invoker.java:851)
	at org.testng.internal.Invoker.invokeTestMethods(Invoker.java:1177)
	at org.testng.internal.TestMethodWorker.invokeTestMethods(TestMethodWorker.java:129)
	at org.testng.internal.TestMethodWorker.run(TestMethodWorker.java:112)
	at org.testng.TestRunner.privateRun(TestRunner.java:756)
	at org.testng.TestRunner.run(TestRunner.java:610)
	at org.testng.SuiteRunner.runTest(SuiteRunner.java:387)
	at org.testng.SuiteRunner.runSequentially(SuiteRunner.java:382)
	at org.testng.SuiteRunner.privateRun(SuiteRunner.java:340)
	at org.testng.SuiteRunner.run(SuiteRunner.java:289)
	at org.testng.SuiteRunnerWorker.runSuite(SuiteRunnerWorker.java:52)
	at org.testng.SuiteRunnerWorker.run(SuiteRunnerWorker.java:86)
	at org.testng.TestNG.runSuitesSequentially(TestNG.java:1293)
	at org.testng.TestNG.runSuitesLocally(TestNG.java:1218)
	at org.testng.TestNG.runSuites(TestNG.java:1133)
	at org.testng.TestNG.run(TestNG.java:1104)
	at org.testng.remote.AbstractRemoteTestNG.run(AbstractRemoteTestNG.java:132)
	at org.testng.remote.RemoteTestNG.initAndRun(RemoteTestNG.java:230)
	at org.testng.remote.RemoteTestNG.main(RemoteTestNG.java:76)
]]>
    </failure>
  </testcase> <!-- testDefaultQuantityInCart -->
  <testcase name="testAddCardButtonOpensPopup" time="8.964" classname="com.valentine.test.AddItemToCartTest"/>
  <testcase name="testAddToCartButtonOnPopupRedirectsToCartPage" time="5.399" classname="com.valentine.test.AddItemToCartTest"/>
  <testcase name="testCARTbuttonOpensPopup" time="6.973" classname="com.valentine.test.AddFewItemsToCart"/>
  <testcase name="testRedirectFromPopupToCartPage" time="5.548" classname="com.valentine.test.AddFewItemsToCart"/>
  <testcase name="testContinueShopping" time="3.287" classname="com.valentine.test.AddFewItemsToCart"/>
  <testcase name="addDifferentItemToCart" time="1.247" classname="com.valentine.test.AddFewItemsToCart"/>
  <testcase name="testCartPageWithTwoItems" time="5.553" classname="com.valentine.test.AddFewItemsToCart"/>
</testsuite> <!-- Default test -->
