<?xml version="1.0" encoding="UTF-8"?>
<testng-results skipped="0" failed="1" ignored="0" total="13" passed="12">
  <reporter-output>
  </reporter-output>
  <suite name="Default suite" duration-ms="86592" started-at="2017-05-11T14:51:09Z" finished-at="2017-05-11T14:52:35Z">
    <groups>
    </groups>
    <test name="Default test" duration-ms="86592" started-at="2017-05-11T14:51:09Z" finished-at="2017-05-11T14:52:35Z">
      <class name="com.valentine.test.AddFewItemsToCart">
        <test-method status="PASS" signature="testCARTbuttonOpensPopup()[pri:0, instance:com.valentine.test.AddFewItemsToCart@3532ec19]" name="testCARTbuttonOpensPopup" duration-ms="6973" started-at="2017-05-11T17:52:10Z" finished-at="2017-05-11T17:52:17Z">
          <reporter-output>
          </reporter-output>
        </test-method> <!-- testCARTbuttonOpensPopup -->
        <test-method status="PASS" signature="testRedirectFromPopupToCartPage()[pri:0, instance:com.valentine.test.AddFewItemsToCart@3532ec19]" name="testRedirectFromPopupToCartPage" duration-ms="5548" started-at="2017-05-11T17:52:17Z" depends-on-methods="com.valentine.test.AddFewItemsToCart.testCARTbuttonOpensPopup" finished-at="2017-05-11T17:52:23Z">
          <reporter-output>
          </reporter-output>
        </test-method> <!-- testRedirectFromPopupToCartPage -->
        <test-method status="PASS" signature="testContinueShopping()[pri:0, instance:com.valentine.test.AddFewItemsToCart@3532ec19]" name="testContinueShopping" duration-ms="3287" started-at="2017-05-11T17:52:23Z" depends-on-methods="com.valentine.test.AddFewItemsToCart.testRedirectFromPopupToCartPage" finished-at="2017-05-11T17:52:26Z">
          <reporter-output>
          </reporter-output>
        </test-method> <!-- testContinueShopping -->
        <test-method status="PASS" signature="addDifferentItemToCart()[pri:0, instance:com.valentine.test.AddFewItemsToCart@3532ec19]" name="addDifferentItemToCart" duration-ms="1247" started-at="2017-05-11T17:52:26Z" depends-on-methods="com.valentine.test.AddFewItemsToCart.testContinueShopping" finished-at="2017-05-11T17:52:27Z">
          <reporter-output>
          </reporter-output>
        </test-method> <!-- addDifferentItemToCart -->
        <test-method status="PASS" signature="testCartPageWithTwoItems()[pri:0, instance:com.valentine.test.AddFewItemsToCart@3532ec19]" name="testCartPageWithTwoItems" duration-ms="5553" started-at="2017-05-11T17:52:27Z" depends-on-methods="com.valentine.test.AddFewItemsToCart.addDifferentItemToCart" finished-at="2017-05-11T17:52:33Z">
          <reporter-output>
          </reporter-output>
        </test-method> <!-- testCartPageWithTwoItems -->
        <test-method status="PASS" signature="tearDown()[pri:0, instance:com.valentine.test.AddFewItemsToCart@3532ec19]" name="tearDown" is-config="true" duration-ms="2311" started-at="2017-05-11T17:52:33Z" finished-at="2017-05-11T17:52:35Z">
          <reporter-output>
          </reporter-output>
        </test-method> <!-- tearDown -->
      </class> <!-- com.valentine.test.AddFewItemsToCart -->
      <class name="com.valentine.test.ContinueShoppingFromCart">
        <test-method status="PASS" signature="setup()[pri:0, instance:com.valentine.test.ContinueShoppingFromCart@61832929]" name="setup" is-config="true" duration-ms="6980" started-at="2017-05-11T17:51:09Z" finished-at="2017-05-11T17:51:16Z">
          <reporter-output>
          </reporter-output>
        </test-method> <!-- setup -->
        <test-method status="PASS" signature="testRedirectFromPopupToCartPage()[pri:0, instance:com.valentine.test.ContinueShoppingFromCart@61832929]" name="testRedirectFromPopupToCartPage" duration-ms="5581" started-at="2017-05-11T17:51:16Z" finished-at="2017-05-11T17:51:21Z">
          <reporter-output>
          </reporter-output>
        </test-method> <!-- testRedirectFromPopupToCartPage -->
        <test-method status="PASS" signature="testContinueShopping()[pri:0, instance:com.valentine.test.ContinueShoppingFromCart@61832929]" name="testContinueShopping" duration-ms="4279" started-at="2017-05-11T17:51:21Z" depends-on-methods="com.valentine.test.ContinueShoppingFromCart.testRedirectFromPopupToCartPage" finished-at="2017-05-11T17:51:25Z">
          <reporter-output>
          </reporter-output>
        </test-method> <!-- testContinueShopping -->
        <test-method status="PASS" signature="addDifferentItemToCart()[pri:0, instance:com.valentine.test.ContinueShoppingFromCart@61832929]" name="addDifferentItemToCart" duration-ms="1256" started-at="2017-05-11T17:51:25Z" depends-on-methods="com.valentine.test.ContinueShoppingFromCart.testContinueShopping" finished-at="2017-05-11T17:51:27Z">
          <reporter-output>
          </reporter-output>
        </test-method> <!-- addDifferentItemToCart -->
        <test-method status="PASS" signature="testCartPageWithTwoItems()[pri:0, instance:com.valentine.test.ContinueShoppingFromCart@61832929]" name="testCartPageWithTwoItems" duration-ms="5672" started-at="2017-05-11T17:51:27Z" depends-on-methods="com.valentine.test.ContinueShoppingFromCart.addDifferentItemToCart" finished-at="2017-05-11T17:51:32Z">
          <reporter-output>
          </reporter-output>
        </test-method> <!-- testCartPageWithTwoItems -->
        <test-method status="PASS" signature="tearDown()[pri:0, instance:com.valentine.test.ContinueShoppingFromCart@61832929]" name="tearDown" is-config="true" duration-ms="2311" started-at="2017-05-11T17:51:32Z" finished-at="2017-05-11T17:51:35Z">
          <reporter-output>
          </reporter-output>
        </test-method> <!-- tearDown -->
      </class> <!-- com.valentine.test.ContinueShoppingFromCart -->
      <class name="com.valentine.test.AddItemToCartTest">
        <test-method status="PASS" signature="testAddCardButtonOpensPopup()[pri:0, instance:com.valentine.test.AddItemToCartTest@5e5792a0]" name="testAddCardButtonOpensPopup" duration-ms="8964" started-at="2017-05-11T17:51:54Z" finished-at="2017-05-11T17:52:03Z">
          <reporter-output>
          </reporter-output>
        </test-method> <!-- testAddCardButtonOpensPopup -->
        <test-method status="PASS" signature="testAddToCartButtonOnPopupRedirectsToCartPage()[pri:0, instance:com.valentine.test.AddItemToCartTest@5e5792a0]" name="testAddToCartButtonOnPopupRedirectsToCartPage" duration-ms="5399" started-at="2017-05-11T17:52:03Z" depends-on-methods="com.valentine.test.AddItemToCartTest.testAddCardButtonOpensPopup" finished-at="2017-05-11T17:52:08Z">
          <reporter-output>
          </reporter-output>
        </test-method> <!-- testAddToCartButtonOnPopupRedirectsToCartPage -->
        <test-method status="PASS" signature="tearDown()[pri:0, instance:com.valentine.test.AddItemToCartTest@5e5792a0]" name="tearDown" is-config="true" duration-ms="2317" started-at="2017-05-11T17:52:08Z" finished-at="2017-05-11T17:52:10Z">
          <reporter-output>
          </reporter-output>
        </test-method> <!-- tearDown -->
      </class> <!-- com.valentine.test.AddItemToCartTest -->
      <class name="com.valentine.test.DefaultQuantityOfItemsInCart">
        <test-method status="PASS" signature="testNavigationToCart()[pri:0, instance:com.valentine.test.DefaultQuantityOfItemsInCart@29774679]" name="testNavigationToCart" duration-ms="16705" started-at="2017-05-11T17:51:35Z" finished-at="2017-05-11T17:51:51Z">
          <reporter-output>
          </reporter-output>
        </test-method> <!-- testNavigationToCart -->
        <test-method status="FAIL" signature="testDefaultQuantityInCart()[pri:0, instance:com.valentine.test.DefaultQuantityOfItemsInCart@29774679]" name="testDefaultQuantityInCart" duration-ms="2072" started-at="2017-05-11T17:51:51Z" depends-on-methods="com.valentine.test.DefaultQuantityOfItemsInCart.testNavigationToCart" finished-at="2017-05-11T17:51:53Z">
          <exception class="java.lang.AssertionError">
            <message>
              <![CDATA[Incorrect default quantity of items in cart. expected [1] but found [100]]]>
            </message>
            <full-stacktrace>
              <![CDATA[java.lang.AssertionError: Incorrect default quantity of items in cart. expected [1] but found [100]
	at org.testng.Assert.fail(Assert.java:94)
	at org.testng.Assert.failNotEquals(Assert.java:513)
	at org.testng.Assert.assertEqualsImpl(Assert.java:135)
	at org.testng.Assert.assertEquals(Assert.java:116)
	at org.testng.Assert.assertEquals(Assert.java:190)
	at com.valentine.test.DefaultQuantityOfItemsInCart.testDefaultQuantityInCart(DefaultQuantityOfItemsInCart.java:40)
	at sun.reflect.NativeMethodAccessorImpl.invoke0(Native Method)
	at sun.reflect.NativeMethodAccessorImpl.invoke(Unknown Source)
	at sun.reflect.DelegatingMethodAccessorImpl.invoke(Unknown Source)
	at java.lang.reflect.Method.invoke(Unknown Source)
	at org.testng.internal.MethodInvocationHelper.invokeMethod(MethodInvocationHelper.java:104)
	at org.testng.internal.Invoker.invokeMethod(Invoker.java:645)
	at org.testng.internal.Invoker.invokeTestMethod(Invoker.java:851)
	at org.testng.internal.Invoker.invokeTestMethods(Invoker.java:1177)
	at org.testng.internal.TestMethodWorker.invokeTestMethods(TestMethodWorker.java:129)
	at org.testng.internal.TestMethodWorker.run(TestMethodWorker.java:112)
	at org.testng.TestRunner.privateRun(TestRunner.java:756)
	at org.testng.TestRunner.run(TestRunner.java:610)
	at org.testng.SuiteRunner.runTest(SuiteRunner.java:387)
	at org.testng.SuiteRunner.runSequentially(SuiteRunner.java:382)
	at org.testng.SuiteRunner.privateRun(SuiteRunner.java:340)
	at org.testng.SuiteRunner.run(SuiteRunner.java:289)
	at org.testng.SuiteRunnerWorker.runSuite(SuiteRunnerWorker.java:52)
	at org.testng.SuiteRunnerWorker.run(SuiteRunnerWorker.java:86)
	at org.testng.TestNG.runSuitesSequentially(TestNG.java:1293)
	at org.testng.TestNG.runSuitesLocally(TestNG.java:1218)
	at org.testng.TestNG.runSuites(TestNG.java:1133)
	at org.testng.TestNG.run(TestNG.java:1104)
	at org.testng.remote.AbstractRemoteTestNG.run(AbstractRemoteTestNG.java:132)
	at org.testng.remote.RemoteTestNG.initAndRun(RemoteTestNG.java:230)
	at org.testng.remote.RemoteTestNG.main(RemoteTestNG.java:76)
]]>
            </full-stacktrace>
          </exception> <!-- java.lang.AssertionError -->
          <reporter-output>
          </reporter-output>
        </test-method> <!-- testDefaultQuantityInCart -->
        <test-method status="PASS" signature="tearDown()[pri:0, instance:com.valentine.test.DefaultQuantityOfItemsInCart@29774679]" name="tearDown" is-config="true" duration-ms="104" started-at="2017-05-11T17:51:53Z" finished-at="2017-05-11T17:51:54Z">
          <reporter-output>
          </reporter-output>
        </test-method> <!-- tearDown -->
      </class> <!-- com.valentine.test.DefaultQuantityOfItemsInCart -->
    </test> <!-- Default test -->
  </suite> <!-- Default suite -->
</testng-results>
